LINE ADDR CONTENTS SOURCE LINE
  1.              ; Armand Nasseri 912679383
  2.              ; Federich Tsou 913893171
  3.              
  4.              	.equ @,$000
  5.              	.equ stack,$300
  6.              	.equ tim_ctrl,$030
  7.              	.equ tim_stat,$030
  8.              	.equ tim_valu,$031
  9.              	.equ reset_ready_bit,$40
 10.              	.equ start_after_load,$10
 11.              	.equ put_str,$E05
 12.              
 13.  000 002064  timer_main:	lda reload
 14.  001 732031  	outw tim_valu
 15.  002 000050  	lda# reset_ready_bit + start_after_load
 16.  003 712030  	outb tim_ctrl
 17.              
 18.  004 020300  repeat:	lds# stack
 19.  005 030000  	ldf# 0
 20.  006 080043  	psh# prompt_len
 21.  007 08006E  	psh# prompt
 22.  008 412E05  	jsr put_str
 23.  009 120002  	ads# 2
 24.              
 25.  00A 702000  poll:	inb $000
 26.  00B 4B200A  	jge poll
 27.  00C 702001  	inb $001
 28.  00D 042066  	sta enter
 29.  00E 712317  	outb $317
 30.  00F 140030  	sba# '0'
 31.  010 042066  	sta enter
 32.  011 200000  	cma# 0
 33.  012 48205F  	jeq exit
 34.              
 35.  013 00000A  	lda# 10
 36.  014 712317  	outb $317
 37.  015 00000D  	lda# 13
 38.  016 712317  	outb $317
 39.              
 40.  017 000000  	lda# 0
 41.  018 042065  	sta iter
 42.              
 43.  019 FFF033  gen_loop:	CIE
 44.  01A 000001  	lda# $01
 45.  01B 712316  	outb $316
 46.              	
 47.  01C 002065  	lda iter
 48.  01D 202066  	cma enter
 49.  01E 4D2004  	jgt repeat
 50.              
 51.  01F 08000C  	psh# gen_len
 52.  020 080085  	psh# generation
 53.  021 412E05  	jsr put_str
 54.  022 120002  	ads# 2
 55.              	
 56.  023 002067  	lda number
 57.  024 100030  	ada# '0'
 58.  025 712317  	outb $317	
 59.              	
 60.  026 002065  	lda iter
 61.  027 100001  	ada# 1
 62.  028 042065  	sta iter
 63.  029 002067  	lda number
 64.  02A 100001  	ada# 1
 65.  02B 042067  	sta number
 66.              
 67.              	;lda# 10
 68.              	;outb $317
 69.              	;lda# 13
 70.              	;outb $317
 71.              
 72.  02C 010000  	ldx# 0
 73.  02D 21208B  print_array:	cmx size
 74.  02E 4B2043  	jge running
 75.  02F FFF003  	txa
 76.  030 1A208A  	mod cols
 77.  031 200000  	cma# 0
 78.  032 48203E  	jeq print_newline
 79.              	
 80.  033 000001  continue:	lda# 1
 81.  034 204100  	cma+ in_array
 82.  035 48203A  	jeq print_star
 83.              	
 84.  036 00002E  	lda# 46 
 85.  037 712317  	outb $317
 86.  038 110001  	adx# 1
 87.  039 40202D  	jmp print_array
 88.              	
 89.  03A 00002A  print_star:	lda# 42
 90.  03B 712317  	outb $317
 91.  03C 110001  	adx# 1
 92.  03D 40202D  	jmp print_array
 93.              
 94.  03E 00000A  print_newline:	lda# 10 
 95.  03F 712317  	outb $317
 96.  040 00000D  	lda# 13
 97.  041 712317  	outb $317
 98.  042 402033  	jmp continue	
 99.              
100.  043 00000A  running: 	lda# 10
101.  044 712317  	outb $317
102.  045 00000D  	lda# 13
103.  046 712317  	outb $317
104.              
105.  047 010FFF  	ldx# $FFF
106.  048 080100  	psh# in_array
107.  049 082089  	psh  rows
108.  04A 08208A  	psh  cols
109.  04B 080150  	psh# out_array
110.  04C 412402  	jsr nextGen
111.  04D 120004  	ads# 4
112.              
113.  04E 010000  	ldx# 0
114.  04F 21208B  copy_array:	cmx size
115.  050 4B2055  	jge timer_loop
116.  051 004150  	lda+ out_array
117.  052 044100  	sta+ in_array
118.  053 110001  	adx# 1
119.  054 40204F  	jmp copy_array
120.              
121.              	
122.  055 000080  timer_loop:	lda# enable_ints
123.  056 712000  	outb kbd_ctrl
124.  057 FFF032  	SIE
125.  058 702030  	inb tim_stat
126.  059 4B2055  	jge timer_loop
127.              
128.  05A 000040  	lda# reset_ready_bit
129.  05B 712030  	outb tim_ctrl
130.              	
131.  05C 702001  kbd_int:	inb kbd_data
132.  05D 120001  	ads# 1
133.  05E 402019  	jmp gen_loop
134.              
135.  05F 080011  exit:	psh# EOP_len
136.  060 080068  	psh# EOP
137.  061 412E05  	jsr put_str
138.  062 120002  	ads# 2
139.  063 FFFFFF  	hlt
140.              
141.              
142.  064 010000  reload:	.word $010000
143.  065 000000  iter:	.word 0
144.  066 000000  enter:	.word 0
145.  067 000000  number:	.word 0
146.  068 0A0D45  EOP:	.char '\lf\crEnd of Program.',EOP_len
      069 6E6420
      06A 6F6620
      06B 50726F
      06C 677261
      06D 6D2E20
      06E 486F77
147.  06E 486F77  prompt: 	.char	'How many new generations would you like to print (enter 0 to end)? ', prompt_len
      06F 206D61
      070 6E7920
      071 6E6577
      072 206765
      073 6E6572
      074 617469
      075 6F6E73
      076 20776F
      077 756C64
      078 20796F
      079 75206C
      07A 696B65
      07B 20746F
      07C 207072
      07D 696E74
      07E 202865
      07F 6E7465
      080 722030
      081 20746F
      082 20656E
      083 64293F
      084 202020
148.              .equ enable_ints,$80
149.              .equ kbd_data,$001
150.              .equ kbd_ctrl,$000
151.              
152.  085 47656E  generation:	.char 'Generation: ', gen_len
      086 657261
      087 74696F
      088 6E3A20
153.  089 000006  rows: 	.word 6
154.  08A 000007  cols:	.word 7
155.  08B 00002A  size:	.word 42
156.              
157.              	.equ @,$100
158.  100 000000  in_array:	.word 0
159.  101 000000  	.word 0
160.  102 000000  	.word 0
161.  103 000000  	.word 0
162.  104 000000  	.word 0
163.  105 000000  	.word 0
164.  106 000000  	.word 0
165.              
166.  107 000000  	.word 0
167.  108 000000  	.word 0
168.  109 000001  	.word 1
169.  10A 000000  	.word 0
170.  10B 000000  	.word 0
171.  10C 000000  	.word 0
172.  10D 000000  	.word 0
173.              
174.  10E 000000  	.word 0
175.  10F 000000  	.word 0
176.  110 000000  	.word 0
177.  111 000001  	.word 1
178.  112 000000  	.word 0
179.  113 000000  	.word 0
180.  114 000000  	.word 0
181.              	
182.  115 000000  	.word 0
183.  116 000001  	.word 1
184.  117 000001  	.word 1
185.  118 000001  	.word 1
186.  119 000000  	.word 0
187.  11A 000000  	.word 0
188.  11B 000000  	.word 0
189.              
190.  11C 000000  	.word 0
191.  11D 000000  	.word 0
192.  11E 000000  	.word 0
193.  11F 000000  	.word 0
194.  120 000000  	.word 0
195.  121 000000  	.word 0
196.  122 000000  	.word 0
197.              
198.  123 000000  	.word 0
199.  124 000000  	.word 0
200.  125 000000  	.word 0
201.  126 000000  	.word 0
202.  127 000000  	.word 0
203.  128 000000  	.word 0
204.  129 000000  	.word 0
205.              	
206.              	.equ @,$150
207.  150 000000  out_array:	.blkw 42,0
208.              
209.              
210.              ;main SR
211.              
212.              	.equ @,$400
213.              	.equ total,1
214.              	.equ newarr, 3
215.              	.equ col, 4
216.              	.equ row, 5
217.              	.equ oldarr,6
218.  400 000000  temp:	.word 0
219.  401 000000  totaln:	.word 0
220.  402 082401  nextGen:	psh totaln
221.  403 FFF012  	pshf
222.  404 FFF008  	tsf
223.  405 110001  loop:	adx# 1
224.  406 000000  	lda# 0
225.  407 043001  	sta ! total
226.  408 003005  	lda ! row
227.  409 183004  	mul ! col
228.  40A 042400  	sta temp
229.  40B 212400  	cmx temp
230.  40C 4B2460  	jge end
231.              ;corners
232.  40D 210000  	cmx# 0
233.  40E 482463  	jeq TLC
234.  40F 003004  	lda ! col
235.  410 140001  	sba# 1
236.  411 042400  	sta temp
237.  412 212400  	cmx temp
238.  413 48246B  	jeq TRC
239.  414 003005  	lda ! row
240.  415 183004  	mul ! col
241.  416 143004  	sba ! col
242.  417 042400  	sta temp
243.  418 212400  	cmx temp
244.  419 482475  	jeq BLC
245.  41A 002400  	lda temp
246.  41B 103004  	ada ! col
247.  41C 140001  	sba# 1
248.  41D 042400  	sta temp
249.  41E 212400  	cmx temp
250.  41F 48247D  	jeq BRC
251.              ;sides
252.  420 213004  	cmx ! col
253.  421 4A2485  	jlt	top	 
254.  422 003004  	lda ! col
255.  423 140001  	sba# 1
256.  424 042400  	sta temp
257.  425 FFF003  	txa
258.  426 1A3004  	mod ! col
259.  427 202400  	cma temp
260.  428 482491  	jeq right
261.  429 003005  	lda ! row
262.  42A 183004  	mul ! col
263.  42B 143004  	sba ! col
264.  42C 042400  	sta temp
265.  42D 212400  	cmx temp
266.  42E 4D249D  	jgt bot
267.  42F FFF003  	txa
268.  430 1A3004  	mod ! col
269.  431 200000  	cma# 0
270.  432 4824A9  	jeq left
271.              ; everything else
272.  433 150001  	sbx# 1
273.  434 412457  	jsr compare
274.  435 153004  	sbx ! col
275.  436 412457  	jsr compare
276.  437 110001  	adx# 1
277.  438 412457  	jsr compare
278.  439 110001  	adx# 1
279.  43A 412457  	jsr compare
280.  43B 113004  	adx ! col
281.  43C 412457  	jsr compare
282.  43D 113004  	adx ! col
283.  43E 412457  	jsr compare
284.  43F 150001  	sbx# 1
285.  440 412457  	jsr compare
286.  441 150001  	sbx# 1
287.  442 412457  	jsr compare
288.  443 153004  	sbx ! col
289.  444 110001  	adx# 1
290.              
291.  445 003001  write:	lda ! total
292.  446 200001  	cma# 1
293.  447 4C244E  	jle dies
294.  448 200002  	cma# 2
295.  449 482454  	jeq stays
296.  44A 200003  	cma# 3
297.  44B 482451  	jeq lives
298.  44C 200003  	cma# 3
299.  44D 4D244E  	jgt dies
300.              
301.  44E 000000  dies:	lda# 0
302.  44F 049003  	sta& ! newarr
303.  450 402405  	jmp loop
304.  451 000001  lives:	lda# 1
305.  452 049003  	sta& ! newarr
306.  453 402405  	jmp loop
307.  454 009006  stays:	lda& ! oldarr
308.  455 049003  	sta& ! newarr
309.  456 402405  	jmp loop
310.              
311.              
312.              
313.              	
314.              compare:	.equ olda,8
315.              	.equ tot,3
316.  457 FFF012  	pshf
317.  458 FFF008  	tsf
318.  459 009008  	lda& ! olda
319.  45A 200000  	cma# 0
320.  45B 4D245E  	jgt addneighbour
321.  45C FFF015  next:	popf
322.  45D FFF040  	rtn
323.              
324.  45E 1B3003  addneighbour:	inc ! tot
325.  45F 40245C  	jmp next
326.              
327.              end:
328.  460 FFF015  	popf
329.  461 120001  	ads# 1
330.  462 FFF040  	rtn
331.              ;top left corner when xr = 0
332.  463 010001  TLC:	ldx# 1
333.  464 412457  	jsr compare
334.  465 113004  	adx ! col
335.  466 412457  	jsr compare
336.  467 150001  	sbx# 1
337.  468 412457  	jsr compare
338.  469 010000  	ldx# 0
339.  46A 402445  	jmp write
340.              
341.  46B 150001  TRC:	sbx# 1
342.  46C 412457  	jsr compare
343.  46D 113004  	adx ! col
344.  46E 412457  	jsr compare
345.  46F 110001  	adx# 1
346.  470 412457  	jsr compare
347.  471 003004  	lda ! col
348.  472 140001  	sba# 1
349.  473 FFF000  	tax
350.  474 402445  	jmp write
351.              	
352.              
353.  475 153004  BLC:	sbx ! col
354.  476 412457  	jsr compare
355.  477 110001  	adx# 1
356.  478 412457  	jsr compare
357.  479 113004  	adx ! col
358.  47A 412457  	jsr compare
359.  47B 150001  	sbx# 1
360.  47C 402445  	jmp write
361.              
362.  47D 150001  BRC:	sbx# 1
363.  47E 412457  	jsr compare
364.  47F 153004  	sbx ! col
365.  480 412457  	jsr compare
366.  481 110001  	adx# 1
367.  482 412457  	jsr compare
368.  483 113004  	adx ! col
369.  484 402445  	jmp write
370.              
371.  485 150001  top:	sbx# 1
372.  486 412457  	jsr compare
373.  487 113004  	adx ! col
374.  488 412457  	jsr compare
375.  489 110001  	adx# 1
376.  48A 412457  	jsr compare
377.  48B 110001  	adx# 1
378.  48C 412457  	jsr compare
379.  48D 153004  	sbx ! col
380.  48E 412457  	jsr compare
381.  48F 150001  	sbx# 1
382.  490 402445  	jmp write
383.              
384.  491 153004  right:	sbx ! col
385.  492 412457  	jsr compare
386.  493 150001  	sbx# 1
387.  494 412457  	jsr compare
388.  495 113004  	adx ! col
389.  496 412457  	jsr compare
390.  497 113004  	adx ! col
391.  498 412457  	jsr compare
392.  499 110001  	adx# 1
393.  49A 412457  	jsr compare
394.  49B 153004  	sbx ! col
395.  49C 402445  	jmp write
396.              
397.  49D 150001  bot:	sbx# 1
398.  49E 412457  	jsr compare
399.  49F 153004  	sbx ! col
400.  4A0 412457  	jsr compare
401.  4A1 110001  	adx# 1
402.  4A2 412457  	jsr compare
403.  4A3 110001  	adx# 1
404.  4A4 412457  	jsr compare
405.  4A5 113004  	adx ! col
406.  4A6 412457  	jsr compare
407.  4A7 150001  	sbx# 1
408.  4A8 402445  	jmp write
409.              
410.  4A9 153004  left:	sbx ! col
411.  4AA 412457  	jsr compare
412.  4AB 110001  	adx# 1
413.  4AC 412457  	jsr compare
414.  4AD 113004  	adx ! col
415.  4AE 412457  	jsr compare
416.  4AF 113004  	adx ! col
417.  4B0 412457  	jsr compare
418.  4B1 150001  	sbx# 1
419.  4B2 412457  	jsr compare
420.  4B3 153004  	sbx ! col
421.  4B4 402445  	jmp write
422.              
423.              .equ @,$FF8
424.  FF8 00005C  .word kbd_int

                     SYMBOL TABLE CONTENTS

00045E = ADDNEIGHBOUR    000475 = BLC             00049D = BOT             
00047D = BRC             000004 = COL             00008A = COLS            
000457 = COMPARE         000033 = CONTINUE        00004F = COPY_ARRAY      
00044E = DIES            000080 = ENABLE_INTS     000460 = END             
000066 = ENTER           000068 = EOP             000011 = EOP_LEN         
00005F = EXIT            000085 = GENERATION      00000C = GEN_LEN         
000019 = GEN_LOOP        000100 = IN_ARRAY        000065 = ITER            
000000 = KBD_CTRL        000001 = KBD_DATA        00005C = KBD_INT         
0004A9 = LEFT            000451 = LIVES           000405 = LOOP            
000003 = NEWARR          00045C = NEXT            000402 = NEXTGEN         
000067 = NUMBER          000008 = OLDA            000006 = OLDARR          
000150 = OUT_ARRAY       00000A = POLL            00002D = PRINT_ARRAY     
00003E = PRINT_NEWLINE   00003A = PRINT_STAR      00006E = PROMPT          
000043 = PROMPT_LEN      000E05 = PUT_STR         000064 = RELOAD          
000004 = REPEAT          000040 = RESET_READY_BIT 000491 = RIGHT           
000005 = ROW             000089 = ROWS            000043 = RUNNING         
00008B = SIZE            000300 = STACK           000010 = START_AFTER_LOAD
000454 = STAYS           000400 = TEMP            000055 = TIMER_LOOP      
000000 = TIMER_MAIN      000030 = TIM_CTRL        000030 = TIM_STAT        
000031 = TIM_VALU        000463 = TLC             000485 = TOP             
000003 = TOT             000001 = TOTAL           000401 = TOTALN          
00046B = TRC             000445 = WRITE           