LINE ADDR CONTENTS SOURCE LINE
  1.              ;interrupts
  2.              	.equ @,$000
  3.              	.equ stackstart,$030
  4.              	.equ enable_ints,$80
  5.              	.equ kbd_ctrl,$000
  6.              	.equ kbd_data,$001
  7.              	.equ crt_data,$317
  8.              	.equ ex_point,$21
  9.              
 10.  000 020030  	lds# stackstart
 11.  001 000080  	lda# enable_ints
 12.  002 712000  	outb kbd_ctrl
 13.              
 14.  003 FFF032  	sie
 15.  004 FFF038  loop:	nop
 16.  005 FFF038  	nop
 17.  006 FFF038  	nop
 18.  007 FFF038  	nop
 19.              	
 20.              	
 21.              	
 22.              	
 23.  008 402004  	jmp loop
 24.              
 25.  009 FFF010  kbd_int:	psha
 26.  00A 702001  	inb kbd_data
 27.  00B 000021  	lda# ex_point
 28.  00C 712317  	outb crt_data
 29.  00D FFF013  	popa
 30.  00E FFF041  	irtn
 31.              
 32.              .equ @,$FF8
 33.  FF8 000009  .word kbd_int
 34.              

                     SYMBOL TABLE CONTENTS

000317 = CRT_DATA        000080 = ENABLE_INTS     000021 = EX_POINT        
000000 = KBD_CTRL        000001 = KBD_DATA        000009 = KBD_INT         
000004 = LOOP            000030 = STACKSTART      